<?xml version="1.0" encoding="UTF-8"?>
<testng-results ignored="0" total="2" passed="2" failed="0" skipped="0">
  <reporter-output>
  </reporter-output>
  <suite started-at="2024-02-14T15:46:39 IST" name="Default suite" finished-at="2024-02-14T15:46:39 IST" duration-ms="53">
    <groups>
    </groups>
    <test started-at="2024-02-14T15:46:39 IST" name="Default test" finished-at="2024-02-14T15:46:39 IST" duration-ms="53">
      <class name="Practice.TestNgPractice">
        <test-method is-config="true" signature="beforesuitemethod()[pri:0, instance:Practice.TestNgPractice@7b36aa0c]" started-at="2024-02-14T15:46:39 IST" name="beforesuitemethod" finished-at="2024-02-14T15:46:39 IST" duration-ms="11" status="PASS">
          <reporter-output>
          </reporter-output>
        </test-method> <!-- beforesuitemethod -->
        <test-method is-config="true" signature="beforetestmethod()[pri:0, instance:Practice.TestNgPractice@7b36aa0c]" started-at="2024-02-14T15:46:39 IST" name="beforetestmethod" finished-at="2024-02-14T15:46:39 IST" duration-ms="0" status="PASS">
          <reporter-output>
          </reporter-output>
        </test-method> <!-- beforetestmethod -->
        <test-method is-config="true" signature="beforeclassmethod()[pri:0, instance:Practice.TestNgPractice@7b36aa0c]" started-at="2024-02-14T15:46:39 IST" name="beforeclassmethod" finished-at="2024-02-14T15:46:39 IST" duration-ms="0" status="PASS">
          <reporter-output>
          </reporter-output>
        </test-method> <!-- beforeclassmethod -->
        <test-method is-config="true" signature="beforem1()[pri:0, instance:Practice.TestNgPractice@7b36aa0c]" started-at="2024-02-14T15:46:39 IST" name="beforem1" finished-at="2024-02-14T15:46:39 IST" duration-ms="0" status="PASS">
          <reporter-output>
          </reporter-output>
        </test-method> <!-- beforem1 -->
        <test-method signature="tc2()[pri:0, instance:Practice.TestNgPractice@7b36aa0c]" started-at="2024-02-14T15:46:39 IST" name="tc2" finished-at="2024-02-14T15:46:39 IST" duration-ms="4" status="PASS">
          <reporter-output>
          </reporter-output>
        </test-method> <!-- tc2 -->
        <test-method is-config="true" signature="afterm1()[pri:0, instance:Practice.TestNgPractice@7b36aa0c]" started-at="2024-02-14T15:46:39 IST" name="afterm1" finished-at="2024-02-14T15:46:39 IST" duration-ms="1" status="PASS">
          <reporter-output>
          </reporter-output>
        </test-method> <!-- afterm1 -->
        <test-method is-config="true" signature="beforem1()[pri:0, instance:Practice.TestNgPractice@7b36aa0c]" started-at="2024-02-14T15:46:39 IST" name="beforem1" finished-at="2024-02-14T15:46:39 IST" duration-ms="1" status="PASS">
          <reporter-output>
          </reporter-output>
        </test-method> <!-- beforem1 -->
        <test-method signature="tc1()[pri:1, instance:Practice.TestNgPractice@7b36aa0c]" started-at="2024-02-14T15:46:39 IST" name="tc1" finished-at="2024-02-14T15:46:39 IST" duration-ms="2" status="PASS">
          <reporter-output>
          </reporter-output>
        </test-method> <!-- tc1 -->
        <test-method is-config="true" signature="afterm1()[pri:0, instance:Practice.TestNgPractice@7b36aa0c]" started-at="2024-02-14T15:46:39 IST" name="afterm1" finished-at="2024-02-14T15:46:39 IST" duration-ms="0" status="PASS">
          <reporter-output>
          </reporter-output>
        </test-method> <!-- afterm1 -->
        <test-method is-config="true" signature="afterclassmethod()[pri:0, instance:Practice.TestNgPractice@7b36aa0c]" started-at="2024-02-14T15:46:39 IST" name="afterclassmethod" finished-at="2024-02-14T15:46:39 IST" duration-ms="1" status="PASS">
          <reporter-output>
          </reporter-output>
        </test-method> <!-- afterclassmethod -->
        <test-method is-config="true" signature="aftertestmethod()[pri:0, instance:Practice.TestNgPractice@7b36aa0c]" started-at="2024-02-14T15:46:39 IST" name="aftertestmethod" finished-at="2024-02-14T15:46:39 IST" duration-ms="0" status="PASS">
          <reporter-output>
          </reporter-output>
        </test-method> <!-- aftertestmethod -->
        <test-method is-config="true" signature="aftersuitemethod()[pri:0, instance:Practice.TestNgPractice@7b36aa0c]" started-at="2024-02-14T15:46:39 IST" name="aftersuitemethod" finished-at="2024-02-14T15:46:39 IST" duration-ms="1" status="PASS">
          <reporter-output>
          </reporter-output>
        </test-method> <!-- aftersuitemethod -->
      </class> <!-- Practice.TestNgPractice -->
    </test> <!-- Default test -->
  </suite> <!-- Default suite -->
</testng-results>
